[debug] [2025-04-15T15:41:39.789Z] ----------------------------------------------------------------------
[debug] [2025-04-15T15:41:39.790Z] Command:       /Users/parikshitbarua/.nvm/versions/node/v20.18.0/bin/node /usr/local/bin/firebase init
[debug] [2025-04-15T15:41:39.791Z] CLI Version:   11.27.0
[debug] [2025-04-15T15:41:39.791Z] Platform:      darwin
[debug] [2025-04-15T15:41:39.791Z] Node Version:  v20.18.0
[debug] [2025-04-15T15:41:39.791Z] Time:          Tue Apr 15 2025 21:11:39 GMT+0530 (India Standard Time)
[debug] [2025-04-15T15:41:39.791Z] ----------------------------------------------------------------------
[debug] 
[debug] [2025-04-15T15:41:39.794Z] > command requires scopes: ["email","openid","https://www.googleapis.com/auth/cloudplatformprojects.readonly","https://www.googleapis.com/auth/firebase","https://www.googleapis.com/auth/cloud-platform"]
[debug] [2025-04-15T15:41:39.794Z] > authorizing via signed-in user (parikshitb04@gmail.com)
[info] 
     ######## #### ########  ######## ########     ###     ######  ########
     ##        ##  ##     ## ##       ##     ##  ##   ##  ##       ##
     ######    ##  ########  ######   ########  #########  ######  ######
     ##        ##  ##    ##  ##       ##     ## ##     ##       ## ##
     ##       #### ##     ## ######## ########  ##     ##  ######  ########

You're about to initialize a Firebase project in this directory:

  /Users/parikshitbarua/Development/react/netflix-gpt

[info] 
=== Project Setup
[info] 
[info] First, let's associate this project directory with a Firebase project.
[info] You can create multiple project aliases by running firebase use --add, 
[info] but for now we'll just set up a default project.
[info] 
[debug] [2025-04-15T15:41:48.870Z] > refreshing access token with scopes: []
[debug] [2025-04-15T15:41:48.872Z] >>> [apiv2][query] POST https://www.googleapis.com/oauth2/v3/token [none]
[debug] [2025-04-15T15:41:48.872Z] >>> [apiv2][body] POST https://www.googleapis.com/oauth2/v3/token [omitted]
[debug] [2025-04-15T15:41:49.043Z] <<< [apiv2][status] POST https://www.googleapis.com/oauth2/v3/token 400
[debug] [2025-04-15T15:41:49.044Z] <<< [apiv2][body] POST https://www.googleapis.com/oauth2/v3/token [omitted]
[debug] [2025-04-15T15:41:49.044Z] >>> [apiv2][query] GET https://firebase.googleapis.com/v1beta1/availableProjects pageSize=100
[debug] [2025-04-15T15:41:49.210Z] <<< [apiv2][status] GET https://firebase.googleapis.com/v1beta1/availableProjects 401
[debug] [2025-04-15T15:41:49.210Z] <<< [apiv2][body] GET https://firebase.googleapis.com/v1beta1/availableProjects [omitted]
[debug] [2025-04-15T15:41:49.210Z] HTTP Error: 401, Request had invalid authentication credentials. Expected OAuth 2 access token, login cookie or other valid authentication credential. See https://developers.google.com/identity/sign-in/web/devconsole-project.
[debug] [2025-04-15T15:41:49.211Z] FirebaseError: HTTP Error: 401, Request had invalid authentication credentials. Expected OAuth 2 access token, login cookie or other valid authentication credential. See https://developers.google.com/identity/sign-in/web/devconsole-project.
    at responseToError (/usr/local/lib/node_modules/firebase-tools/lib/responseToError.js:49:12)
    at RetryOperation._fn (/usr/local/lib/node_modules/firebase-tools/lib/apiv2.js:288:77)
    at process.processTicksAndRejections (node:internal/process/task_queues:95:5)
[error] 
[error] Error: Failed to list available Google Cloud Platform projects. See firebase-debug.log for more info.
[debug] [2025-04-15T15:41:55.140Z] ----------------------------------------------------------------------
[debug] [2025-04-15T15:41:55.142Z] Command:       /Users/parikshitbarua/.nvm/versions/node/v20.18.0/bin/node /usr/local/bin/firebase init
[debug] [2025-04-15T15:41:55.142Z] CLI Version:   11.27.0
[debug] [2025-04-15T15:41:55.142Z] Platform:      darwin
[debug] [2025-04-15T15:41:55.142Z] Node Version:  v20.18.0
[debug] [2025-04-15T15:41:55.142Z] Time:          Tue Apr 15 2025 21:11:55 GMT+0530 (India Standard Time)
[debug] [2025-04-15T15:41:55.142Z] ----------------------------------------------------------------------
[debug] 
[debug] [2025-04-15T15:41:55.146Z] > command requires scopes: ["email","openid","https://www.googleapis.com/auth/cloudplatformprojects.readonly","https://www.googleapis.com/auth/firebase","https://www.googleapis.com/auth/cloud-platform"]
[debug] [2025-04-15T15:41:55.146Z] > authorizing via signed-in user (parikshitb04@gmail.com)
[info] 
     ######## #### ########  ######## ########     ###     ######  ########
     ##        ##  ##     ## ##       ##     ##  ##   ##  ##       ##
     ######    ##  ########  ######   ########  #########  ######  ######
     ##        ##  ##    ##  ##       ##     ## ##     ##       ## ##
     ##       #### ##     ## ######## ########  ##     ##  ######  ########

You're about to initialize a Firebase project in this directory:

  /Users/parikshitbarua/Development/react/netflix-gpt

[info] 
=== Project Setup
[info] 
[info] First, let's associate this project directory with a Firebase project.
[info] You can create multiple project aliases by running firebase use --add, 
[info] but for now we'll just set up a default project.
[info] 
[debug] [2025-04-15T15:42:00.951Z] > refreshing access token with scopes: []
[debug] [2025-04-15T15:42:00.952Z] >>> [apiv2][query] POST https://www.googleapis.com/oauth2/v3/token [none]
[debug] [2025-04-15T15:42:00.952Z] >>> [apiv2][body] POST https://www.googleapis.com/oauth2/v3/token [omitted]
[debug] [2025-04-15T15:42:01.117Z] <<< [apiv2][status] POST https://www.googleapis.com/oauth2/v3/token 400
[debug] [2025-04-15T15:42:01.118Z] <<< [apiv2][body] POST https://www.googleapis.com/oauth2/v3/token [omitted]
[debug] [2025-04-15T15:42:01.118Z] >>> [apiv2][query] GET https://firebase.googleapis.com/v1beta1/projects pageSize=100
[debug] [2025-04-15T15:42:01.520Z] <<< [apiv2][status] GET https://firebase.googleapis.com/v1beta1/projects 401
[debug] [2025-04-15T15:42:01.520Z] <<< [apiv2][body] GET https://firebase.googleapis.com/v1beta1/projects [omitted]
[debug] [2025-04-15T15:42:01.520Z] HTTP Error: 401, Request had invalid authentication credentials. Expected OAuth 2 access token, login cookie or other valid authentication credential. See https://developers.google.com/identity/sign-in/web/devconsole-project.
[debug] [2025-04-15T15:42:01.521Z] FirebaseError: HTTP Error: 401, Request had invalid authentication credentials. Expected OAuth 2 access token, login cookie or other valid authentication credential. See https://developers.google.com/identity/sign-in/web/devconsole-project.
    at responseToError (/usr/local/lib/node_modules/firebase-tools/lib/responseToError.js:49:12)
    at RetryOperation._fn (/usr/local/lib/node_modules/firebase-tools/lib/apiv2.js:288:77)
    at process.processTicksAndRejections (node:internal/process/task_queues:95:5)
[error] 
[error] Error: Failed to list Firebase projects. See firebase-debug.log for more info.
